{
  "stats": {
    "suites": 1,
    "tests": 1,
    "passes": 1,
    "pending": 0,
    "failures": 0,
    "start": "2023-08-12T02:24:43.318Z",
    "end": "2023-08-12T02:25:02.899Z",
    "duration": 19581,
    "testsRegistered": 1,
    "passPercent": 100,
    "pendingPercent": 0,
    "other": 0,
    "hasOther": false,
    "skipped": 0,
    "hasSkipped": false
  },
  "results": [
    {
      "uuid": "414db4cf-ffbc-4b71-bad9-e464a045bed0",
      "title": "",
      "fullFile": "C:\\Users\\18492\\Desktop\\SELENIUM\\tests\\spotify.spec.js",
      "file": "\\tests\\spotify.spec.js",
      "beforeHooks": [],
      "afterHooks": [],
      "tests": [],
      "suites": [
        {
          "uuid": "82654ba5-91b7-462d-a278-a4ea556e0a00",
          "title": "login",
          "fullFile": "C:\\Users\\18492\\Desktop\\SELENIUM\\tests\\spotify.spec.js",
          "file": "\\tests\\spotify.spec.js",
          "beforeHooks": [],
          "afterHooks": [],
          "tests": [
            {
              "title": "Prueba del inicio de sesion de sporify",
              "fullTitle": "login Prueba del inicio de sesion de sporify",
              "timedOut": null,
              "duration": 18968,
              "state": "passed",
              "speed": "slow",
              "pass": true,
              "fail": false,
              "pending": false,
              "context": null,
              "code": "let driver = new Builder().forBrowser(\"chrome\").build();\ntry {\n    await driver.get(\"https://accounts.spotify.com/es-ES/login?continue=https%3A%2F%2Fopen.spotify.com%2Fintl-es\");\n    await driver.findElement(By.id(\"login-username\")).sendKeys(\"miguelvaldez12@gmail.com\");\n    await driver.findElement(By.css(\"#login-password\")).sendKeys(\"Miguelvaldez12\");\n    await driver.findElement(By.css('[data-testid=\"login-button\"]')).click();\n    await driver.sleep(10000);\n    const screenshot = await driver.takeScreenshot();\n    fs.writeFileSync(\"screenshot.png\", screenshot, \"base64\");\n} finally {\n    await driver.quit();\n}",
              "err": {},
              "uuid": "80325be1-f515-49a6-b2e0-334573e89f14",
              "parentUUID": null,
              "isHook": false,
              "skipped": false
            }
          ],
          "suites": [],
          "passes": [
            "80325be1-f515-49a6-b2e0-334573e89f14"
          ],
          "failures": [],
          "pending": [],
          "skipped": [],
          "duration": 18968,
          "root": false,
          "rootEmpty": false,
          "_timeout": null
        }
      ],
      "passes": [],
      "failures": [],
      "pending": [],
      "skipped": [],
      "duration": 0,
      "root": true,
      "rootEmpty": true,
      "_timeout": 0
    }
  ],
  "meta": {
    "mocha": {
      "version": "10.2.0"
    },
    "mochawesome": {
      "options": {
        "quiet": false,
        "reportFilename": "mochawesome",
        "saveHtml": true,
        "saveJson": true,
        "consoleReporter": "spec",
        "useInlineDiffs": false,
        "code": true
      },
      "version": "7.1.3"
    },
    "marge": {
      "options": null,
      "version": "6.2.0"
    }
  }
}